2025-03-06 02:03:29,866 - INFO - Starting XGBoost optimization using grid search
2025-03-06 02:05:11,207 - INFO - Best XGBoost parameters: {'colsample_bytree': 1.0, 'learning_rate': 0.01, 'max_depth': 3, 'min_child_weight': 5, 'n_estimators': 100, 'subsample': 0.8}
2025-03-06 02:05:11,208 - INFO - Best XGBoost score: 0.5608589765068237
2025-03-06 02:05:11,208 - INFO - Starting Random Forest optimization using random search
2025-03-06 02:05:47,484 - INFO - Best Random Forest parameters: {'max_depth': 3, 'max_features': 'sqrt', 'min_samples_leaf': 9, 'min_samples_split': 14, 'n_estimators': 282}
2025-03-06 02:05:47,484 - INFO - Best Random Forest score: 0.5596981924144607
2025-03-06 02:05:47,484 - INFO - Starting Logistic Regression optimization
2025-03-06 02:05:47,781 - INFO - Best Logistic Regression parameters: {'C': 0.001, 'class_weight': None, 'max_iter': 1000}
2025-03-06 02:05:47,783 - INFO - Best Logistic Regression score: 0.700083186437563
2025-03-06 02:05:47,783 - INFO - Starting Optuna optimization for xgboost
2025-03-06 02:07:01,341 - INFO - Best Optuna parameters: {'max_depth': 8, 'learning_rate': 0.2830374398150574, 'n_estimators': 252, 'min_child_weight': 6, 'subsample': 0.7398878070475063, 'colsample_bytree': 0.7645524766887175}
2025-03-06 02:07:01,342 - INFO - Best Optuna score: 0.5490598614419007
2025-03-06 02:07:01,342 - INFO - Optimization completed. Check model_optimization.log for detailed results.
2025-03-06 02:10:15,763 - INFO - Running Grid Search for XGBoost...
2025-03-06 02:10:15,763 - INFO - Starting XGBoost optimization using grid search
2025-03-06 02:38:40,636 - INFO - Running Grid Search for XGBoost...
2025-03-06 02:38:40,636 - INFO - Starting XGBoost optimization using grid search
2025-03-06 02:39:12,764 - INFO - Running Grid Search for XGBoost...
2025-03-06 02:39:12,772 - INFO - Starting XGBoost optimization using grid search
2025-03-06 02:43:12,161 - INFO - Best XGBoost parameters: {'colsample_bytree': 0.8, 'gamma': 0.1, 'learning_rate': 0.01, 'max_depth': 3, 'min_child_weight': 1, 'n_estimators': 100, 'reg_alpha': 1.0, 'reg_lambda': 1.0, 'subsample': 0.8}
2025-03-06 02:43:12,163 - INFO - Best XGBoost score: 0.5880081922094956
2025-03-06 02:43:12,165 - INFO - Running Random Search for Random Forest...
2025-03-06 02:43:12,165 - INFO - Starting Random Forest optimization using random search
2025-03-06 02:44:40,437 - INFO - Best Random Forest parameters: {'max_depth': 3, 'max_features': 'sqrt', 'min_samples_leaf': 9, 'min_samples_split': 14, 'n_estimators': 282}
2025-03-06 02:44:40,437 - INFO - Best Random Forest score: 0.5596981924144607
2025-03-06 02:44:40,454 - INFO - Running Grid Search for Logistic Regression...
2025-03-06 02:44:40,455 - INFO - Starting Logistic Regression optimization
2025-03-06 02:44:41,851 - INFO - Best Logistic Regression parameters: {'C': 0.001, 'class_weight': None, 'max_iter': 1000}
2025-03-06 02:44:41,862 - INFO - Best Logistic Regression score: 0.700083186437563
2025-03-06 02:44:41,863 - INFO - Running Optuna optimization for XGBoost...
2025-03-06 02:44:41,863 - INFO - Starting Optuna optimization for xgboost
